TN:
SF:src\js-foundation\01-template.js
FN:1,Object.<anonymous>
FNF:1
FNH:1
FNDA:1,Object.<anonymous>
DA:1,1
DA:2,1
DA:3,1
DA:4,1
DA:5,1
DA:6,1
DA:7,1
DA:8,1
DA:9,1
LF:9
LH:9
BRDA:1,0,0,1
BRDA:1,1,0,1
BRF:2
BRH:2
end_of_record
TN:
SF:src\js-foundation\02-destructuting.js
FN:1,Object.<anonymous>
FNF:1
FNH:1
FNDA:1,Object.<anonymous>
DA:1,1
DA:2,1
DA:3,1
DA:4,1
DA:5,1
LF:5
LH:5
BRDA:1,0,0,1
BRDA:1,1,0,1
BRF:2
BRH:2
end_of_record
TN:
SF:src\js-foundation\03-callbacks.js
FN:1,Object.<anonymous>
FN:15,getUserById
FNF:2
FNH:2
FNDA:1,Object.<anonymous>
FNDA:2,getUserById
DA:1,1
DA:2,1
DA:3,1
DA:4,1
DA:5,1
DA:6,1
DA:7,1
DA:8,1
DA:9,1
DA:10,1
DA:11,1
DA:12,1
DA:13,1
DA:14,1
DA:15,1
DA:16,2
DA:17,3
DA:18,2
DA:19,2
DA:20,1
DA:21,1
DA:22,1
DA:23,1
DA:24,1
LF:24
LH:24
BRDA:1,0,0,1
BRDA:1,1,0,1
BRDA:15,2,0,2
BRDA:19,3,0,1
BRDA:16,4,0,3
BRF:5
BRH:5
end_of_record
TN:
SF:src\js-foundation\05-factory.js
FN:1,Object.<anonymous>
FN:4,buildMakePerson
FNF:2
FNH:2
FNDA:1,Object.<anonymous>
FNDA:2,buildMakePerson
DA:1,1
DA:2,1
DA:3,1
DA:4,1
DA:5,2
DA:6,1
DA:7,1
DA:8,1
DA:9,1
DA:10,1
DA:11,1
DA:12,2
DA:13,1
DA:14,1
LF:14
LH:14
BRDA:1,0,0,1
BRDA:1,1,0,1
BRDA:4,2,0,2
BRDA:5,3,0,1
BRF:4
BRH:4
end_of_record
TN:
SF:src\js-foundation\06-promises.js
FN:1,Object.<anonymous>
FN:2,Object.<anonymous>.__awaiter
FN:3,adopt
FN:5,fulfilled
FN:6,rejected
FN:7,step
FN:16,getPokemonById
FNF:7
FNH:7
FNDA:1,Object.<anonymous>
FNDA:2,Object.<anonymous>.__awaiter
FNDA:2,adopt
FNDA:1,fulfilled
FNDA:1,rejected
FNDA:3,step
FNDA:2,getPokemonById
DA:1,1
DA:2,1
DA:3,2
DA:4,2
DA:5,2
DA:6,2
DA:7,2
DA:8,2
DA:9,2
DA:10,1
DA:11,1
DA:12,1
DA:13,1
DA:14,1
DA:15,1
DA:16,1
DA:17,2
DA:18,2
DA:19,2
DA:20,1
DA:21,1
DA:22,1
DA:23,1
DA:24,1
DA:25,1
DA:26,1
LF:26
LH:26
BRDA:1,0,0,1
BRDA:1,1,0,1
BRDA:2,2,0,2
BRDA:3,3,0,2
BRDA:3,4,0,0
BRDA:4,5,0,2
BRDA:5,6,0,1
BRDA:5,7,0,0
BRDA:6,8,0,1
BRDA:7,9,0,3
BRDA:7,10,0,1
BRDA:7,11,0,2
BRDA:16,12,0,2
BRDA:16,13,0,2
BRDA:20,14,0,1
BRF:15
BRH:13
end_of_record
TN:
SF:src\plugins\get-age.plugin.js
FN:1,Object.<anonymous>
FN:5,getAge
FNF:2
FNH:2
FNDA:1,Object.<anonymous>
FNDA:3,getAge
DA:1,1
DA:2,1
DA:3,1
DA:4,1
DA:5,1
DA:6,3
DA:7,3
DA:8,3
DA:9,1
DA:10,1
LF:10
LH:10
BRDA:1,0,0,1
BRDA:1,1,0,1
BRDA:5,2,0,3
BRF:3
BRH:3
end_of_record
TN:
SF:src\plugins\get-id.plugin.js
FN:1,Object.<anonymous>
FN:5,getUUID
FNF:2
FNH:2
FNDA:3,Object.<anonymous>
FNDA:1,getUUID
DA:1,3
DA:2,3
DA:3,3
DA:4,3
DA:5,3
DA:6,1
DA:7,3
DA:8,3
LF:8
LH:8
BRDA:1,0,0,3
BRDA:1,1,0,3
BRDA:5,2,0,1
BRF:3
BRH:3
end_of_record
TN:
SF:src\plugins\http-client.plugin.js
FN:1,Object.<anonymous>
FN:2,Object.<anonymous>.__awaiter
FN:3,adopt
FN:5,fulfilled
FN:6,rejected
FN:7,step
FN:11,Object.<anonymous>.__importDefault
FN:18,get
FN:22,post
FN:25,put
FN:28,delete
FNF:11
FNH:8
FNDA:3,Object.<anonymous>
FNDA:3,Object.<anonymous>.__awaiter
FNDA:3,adopt
FNDA:2,fulfilled
FNDA:1,rejected
FNDA:5,step
FNDA:3,Object.<anonymous>.__importDefault
FNDA:3,get
FNDA:0,post
FNDA:0,put
FNDA:0,delete
DA:1,3
DA:2,3
DA:3,3
DA:4,3
DA:5,3
DA:6,3
DA:7,3
DA:8,3
DA:9,3
DA:10,3
DA:11,3
DA:12,3
DA:13,3
DA:14,3
DA:15,3
DA:16,3
DA:17,3
DA:18,3
DA:19,3
DA:20,2
DA:21,3
DA:22,3
DA:23,0
DA:24,3
DA:25,3
DA:26,0
DA:27,3
DA:28,3
DA:29,0
DA:30,0
DA:31,3
LF:31
LH:27
BRDA:1,0,0,3
BRDA:1,1,0,3
BRDA:2,2,0,3
BRDA:3,3,0,3
BRDA:3,4,0,0
BRDA:4,5,0,3
BRDA:5,6,0,2
BRDA:5,7,0,0
BRDA:6,8,0,1
BRDA:7,9,0,5
BRDA:7,10,0,2
BRDA:7,11,0,3
BRDA:11,12,0,3
BRDA:12,13,0,0
BRDA:18,14,0,3
BRDA:18,15,0,3
BRDA:20,16,0,2
BRF:17
BRH:14
end_of_record
TN:
SF:src\plugins\index.js
FN:1,Object.<anonymous>
FN:6,get
FN:13,Object.<anonymous>.__exportStar
FNF:3
FNH:3
FNDA:3,Object.<anonymous>
FNDA:8,get
FNDA:6,Object.<anonymous>.__exportStar
DA:1,3
DA:2,3
DA:3,6
DA:4,6
DA:5,6
DA:6,6
DA:7,6
DA:8,6
DA:9,3
DA:10,0
DA:11,0
DA:12,3
DA:13,3
DA:14,6
DA:15,3
DA:16,3
DA:17,3
DA:18,3
DA:19,3
DA:20,3
LF:20
LH:18
BRDA:1,0,0,3
BRDA:1,1,0,3
BRDA:9,2,0,0
BRDA:2,3,0,6
BRDA:5,4,0,0
BRDA:5,5,0,0
BRDA:6,6,0,8
BRDA:13,7,0,6
BRF:8
BRH:5
end_of_record
TN:
SF:src\plugins\logger.plugin.js
FN:1,Object.<anonymous>
FN:2,Object.<anonymous>.__importDefault
FN:26,buildLogger
FN:28,log
FN:31,error
FNF:5
FNH:4
FNDA:1,Object.<anonymous>
FNDA:1,Object.<anonymous>.__importDefault
FNDA:2,buildLogger
FNDA:1,log
FNDA:0,error
DA:1,1
DA:2,1
DA:3,1
DA:4,1
DA:5,1
DA:6,1
DA:7,1
DA:8,1
DA:9,1
DA:10,1
DA:11,1
DA:12,1
DA:13,1
DA:14,1
DA:15,1
DA:16,1
DA:17,1
DA:18,1
DA:19,1
DA:20,1
DA:21,1
DA:22,1
DA:23,1
DA:24,1
DA:25,1
DA:26,2
DA:27,2
DA:28,2
DA:29,1
DA:30,2
DA:31,2
DA:32,0
DA:33,0
DA:34,2
DA:35,2
DA:36,1
LF:36
LH:34
BRDA:1,0,0,1
BRDA:1,1,0,1
BRDA:2,2,0,1
BRDA:3,3,0,0
BRDA:26,4,0,2
BRDA:28,5,0,1
BRF:6
BRH:5
end_of_record
